2026-04-19 14:12:24,178 [INFO] ==================================================
2026-04-19 14:12:24,178 [INFO] FreshGuard checkup started
2026-04-19 14:12:24,178 [INFO] ==================================================
2026-04-19 14:15:45,738 [INFO] ==================================================
2026-04-19 14:15:45,740 [INFO] FreshGuard checkup started
2026-04-19 14:15:45,740 [INFO] ==================================================
2026-04-19 14:22:30,392 [INFO] ==================================================
2026-04-19 14:22:30,392 [INFO] FreshGuard checkup started
2026-04-19 14:22:30,393 [INFO] ==================================================
2026-04-19 14:22:31,213 [INFO] PostgreSQL connection established.
2026-04-19 14:22:31,213 [INFO] Capturing image from camera...
2026-04-19 14:22:31,239 [WARNING] Camera capture failed: libcamera-still exited with code 1. Using placeholder image.
2026-04-19 14:22:31,416 [INFO] Image saved: /home/pi/freshguard/images\placeholder_20260419_142231.jpg
2026-04-19 14:22:31,417 [INFO] Running YOLOv5 analysis (simulated)...
2026-04-19 14:22:31,417 [INFO] [SIMULATED] Analyzing image: /home/pi/freshguard/images\placeholder_20260419_142231.jpg
2026-04-19 14:22:31,429 [INFO] Detections: [{'name': 'apple', 'category': 'fruit', 'freshness_status': 'fresh', 'freshness_score': 86.7, 'confidence': 0.81, 'estimated_days_to_spoil': 26, 'storage_tips': ['Refrigerate to extend freshness', 'Keep away from ethylene-sensitive produce', 'Wash just before eating']}, {'name': 'carrot', 'category': 'vegetable', 'freshness_status': 'at_risk', 'freshness_score': 50.0, 'confidence': 0.74, 'estimated_days_to_spoil': 7, 'storage_tips': ['Store in a sealed bag in the fridge', 'Remove green tops before storing', 'Keep away from apples and pears']}]
2026-04-19 14:22:31,429 [INFO] Reading sensor data (simulated)...
2026-04-19 14:22:31,429 [INFO] [SIMULATED] Temp=25.2蚓, Humidity=61.5%, Gas=407
2026-04-19 14:22:31,429 [INFO] Sensor data: {'temperature': 25.2, 'humidity': 61.5, 'gas_value': 407}
2026-04-19 14:22:31,429 [INFO] Pushing data to Supabase...
2026-04-19 14:22:31,669 [INFO] Updated food_item: apple (056f1c67-4992-42d1-94e9-c78889b2a493)
2026-04-19 14:22:31,897 [INFO] Inserted food_item: carrot (7d34119f-01a7-4cf9-91f1-5fcf235b2803)
2026-04-19 14:22:32,141 [INFO] Generated 1 notification(s).
2026-04-19 14:22:32,259 [INFO] Checkup complete.
2026-04-19 14:22:32,260 [INFO] Next run in 6 hours.
2026-04-19 14:23:37,029 [INFO] ==================================================
2026-04-19 14:23:37,029 [INFO] FreshGuard checkup started
2026-04-19 14:23:37,029 [INFO] ==================================================
2026-04-19 14:23:38,026 [INFO] PostgreSQL connection established.
2026-04-19 14:23:38,026 [INFO] Capturing image from camera...
2026-04-19 14:23:38,060 [WARNING] Camera capture failed: libcamera-still exited with code 1. Using placeholder image.
2026-04-19 14:23:38,080 [INFO] Image saved: /home/pi/freshguard/images\placeholder_20260419_142338.jpg
2026-04-19 14:23:38,080 [INFO] Running YOLOv5 analysis (simulated)...
2026-04-19 14:23:38,080 [INFO] [SIMULATED] Analyzing image: /home/pi/freshguard/images\placeholder_20260419_142338.jpg
2026-04-19 14:23:38,102 [INFO] Detections: [{'name': 'apple', 'category': 'fruit', 'freshness_status': 'fresh', 'freshness_score': 86.7, 'confidence': 0.81, 'estimated_days_to_spoil': 26, 'storage_tips': ['Refrigerate to extend freshness', 'Keep away from ethylene-sensitive produce', 'Wash just before eating']}, {'name': 'carrot', 'category': 'vegetable', 'freshness_status': 'at_risk', 'freshness_score': 50.0, 'confidence': 0.74, 'estimated_days_to_spoil': 7, 'storage_tips': ['Store in a sealed bag in the fridge', 'Remove green tops before storing', 'Keep away from apples and pears']}]
2026-04-19 14:23:38,103 [INFO] Reading sensor data (simulated)...
2026-04-19 14:23:38,103 [INFO] [SIMULATED] Temp=25.0蚓, Humidity=63.6%, Gas=272
2026-04-19 14:23:38,103 [INFO] Sensor data: {'temperature': 25.0, 'humidity': 63.6, 'gas_value': 272}
2026-04-19 14:23:38,103 [INFO] Pushing data to Supabase...
2026-04-19 14:23:38,537 [INFO] Updated food_item: apple (056f1c67-4992-42d1-94e9-c78889b2a493)
2026-04-19 14:23:38,946 [INFO] Updated food_item: carrot (7d34119f-01a7-4cf9-91f1-5fcf235b2803)
2026-04-19 14:23:39,213 [INFO] Generated 1 notification(s).
2026-04-19 14:23:39,358 [INFO] Checkup complete.
2026-04-19 14:23:39,358 [INFO] Next run in 6 hours.
2026-04-19 14:23:55,222 [INFO] ==================================================
2026-04-19 14:23:55,223 [INFO] FreshGuard checkup started
2026-04-19 14:23:55,224 [INFO] ==================================================
2026-04-19 14:23:55,904 [INFO] PostgreSQL connection established.
2026-04-19 14:23:55,905 [INFO] Capturing image from camera...
2026-04-19 14:23:55,921 [WARNING] Camera capture failed: libcamera-still exited with code 1. Using placeholder image.
2026-04-19 14:23:55,943 [INFO] Image saved: /home/pi/freshguard/images\placeholder_20260419_142355.jpg
2026-04-19 14:23:55,943 [INFO] Running YOLOv5 analysis (simulated)...
2026-04-19 14:23:55,943 [INFO] [SIMULATED] Analyzing image: /home/pi/freshguard/images\placeholder_20260419_142355.jpg
2026-04-19 14:23:55,966 [INFO] Detections: [{'name': 'apple', 'category': 'fruit', 'freshness_status': 'fresh', 'freshness_score': 86.7, 'confidence': 0.81, 'estimated_days_to_spoil': 26, 'storage_tips': ['Refrigerate to extend freshness', 'Keep away from ethylene-sensitive produce', 'Wash just before eating']}, {'name': 'carrot', 'category': 'vegetable', 'freshness_status': 'at_risk', 'freshness_score': 50.0, 'confidence': 0.74, 'estimated_days_to_spoil': 7, 'storage_tips': ['Store in a sealed bag in the fridge', 'Remove green tops before storing', 'Keep away from apples and pears']}]
2026-04-19 14:23:55,966 [INFO] Reading sensor data (simulated)...
2026-04-19 14:23:55,966 [INFO] [SIMULATED] Temp=24.9蚓, Humidity=68.7%, Gas=338
2026-04-19 14:23:55,966 [INFO] Sensor data: {'temperature': 24.9, 'humidity': 68.7, 'gas_value': 338}
2026-04-19 14:23:55,966 [INFO] Pushing data to Supabase...
2026-04-19 14:23:56,190 [INFO] Updated food_item: apple (056f1c67-4992-42d1-94e9-c78889b2a493)
2026-04-19 14:23:56,419 [INFO] Inserted food_item: carrot (aa17ae2c-74a2-443b-838a-2b61a4ceff2d)
2026-04-19 14:23:56,843 [INFO] Generated 1 notification(s).
2026-04-19 14:23:57,074 [INFO] Checkup complete.
2026-04-19 14:23:57,074 [INFO] Next run in 6 hours.
2026-04-19 14:27:40,896 [INFO] ==================================================
2026-04-19 14:27:40,900 [INFO] FreshGuard checkup started
2026-04-19 14:27:40,901 [INFO] ==================================================
2026-04-19 14:27:42,250 [INFO] PostgreSQL connection established.
2026-04-19 14:27:42,251 [INFO] Capturing image from camera...
2026-04-19 14:27:42,274 [WARNING] Camera capture failed: libcamera-still exited with code 1. Using placeholder image.
2026-04-19 14:27:42,292 [INFO] Image saved: /home/pi/freshguard/images\placeholder_20260419_142742.jpg
2026-04-19 14:27:42,293 [INFO] Running YOLOv5 analysis (simulated)...
2026-04-19 14:27:42,293 [INFO] [SIMULATED] Analyzing image: /home/pi/freshguard/images\placeholder_20260419_142742.jpg
2026-04-19 14:27:42,303 [INFO] Detections: [{'name': 'apple', 'category': 'fruit', 'freshness_status': 'fresh', 'freshness_score': 86.7, 'confidence': 0.81, 'estimated_days_to_spoil': 26, 'storage_tips': ['Refrigerate to extend freshness', 'Keep away from ethylene-sensitive produce', 'Wash just before eating']}, {'name': 'carrot', 'category': 'vegetable', 'freshness_status': 'at_risk', 'freshness_score': 50.0, 'confidence': 0.74, 'estimated_days_to_spoil': 7, 'storage_tips': ['Store in a sealed bag in the fridge', 'Remove green tops before storing', 'Keep away from apples and pears']}]
2026-04-19 14:27:42,303 [INFO] Reading sensor data (simulated)...
2026-04-19 14:27:42,303 [INFO] [SIMULATED] Temp=24.1蚓, Humidity=59.8%, Gas=209
2026-04-19 14:27:42,303 [INFO] Sensor data: {'temperature': 24.1, 'humidity': 59.8, 'gas_value': 209}
2026-04-19 14:27:42,303 [INFO] Pushing data to Supabase...
2026-04-19 14:27:42,661 [INFO] Updated food_item: apple (056f1c67-4992-42d1-94e9-c78889b2a493)
2026-04-19 14:27:43,069 [INFO] Updated food_item: carrot (aa17ae2c-74a2-443b-838a-2b61a4ceff2d)
2026-04-19 14:27:43,583 [INFO] Generated 1 notification(s).
2026-04-19 14:27:43,746 [INFO] Checkup complete.
2026-04-19 14:27:43,747 [INFO] Next run in 6 hours.
2026-04-19 14:28:25,987 [INFO] ==================================================
2026-04-19 14:28:25,987 [INFO] FreshGuard checkup started
2026-04-19 14:28:25,988 [INFO] ==================================================
2026-04-19 14:28:27,049 [INFO] PostgreSQL connection established.
2026-04-19 14:28:27,050 [INFO] Capturing image from camera...
2026-04-19 14:28:27,070 [WARNING] Camera capture failed: libcamera-still exited with code 1. Using placeholder image.
2026-04-19 14:28:27,090 [INFO] Image saved: /home/pi/freshguard/images\placeholder_20260419_142827.jpg
2026-04-19 14:28:27,090 [INFO] Running YOLOv5 analysis (simulated)...
2026-04-19 14:28:27,090 [INFO] [SIMULATED] Analyzing image: /home/pi/freshguard/images\placeholder_20260419_142827.jpg
2026-04-19 14:28:27,106 [INFO] Detections: [{'name': 'apple', 'category': 'fruit', 'freshness_status': 'fresh', 'freshness_score': 86.7, 'confidence': 0.81, 'estimated_days_to_spoil': 26, 'storage_tips': ['Refrigerate to extend freshness', 'Keep away from ethylene-sensitive produce', 'Wash just before eating']}, {'name': 'carrot', 'category': 'vegetable', 'freshness_status': 'at_risk', 'freshness_score': 50.0, 'confidence': 0.74, 'estimated_days_to_spoil': 7, 'storage_tips': ['Store in a sealed bag in the fridge', 'Remove green tops before storing', 'Keep away from apples and pears']}]
2026-04-19 14:28:27,106 [INFO] Reading sensor data (simulated)...
2026-04-19 14:28:27,106 [INFO] [SIMULATED] Temp=23.5蚓, Humidity=56.7%, Gas=307
2026-04-19 14:28:27,107 [INFO] Sensor data: {'temperature': 23.5, 'humidity': 56.7, 'gas_value': 307}
2026-04-19 14:28:27,107 [INFO] Pushing data to Supabase...
2026-04-19 14:28:27,570 [INFO] Updated food_item: apple (056f1c67-4992-42d1-94e9-c78889b2a493)
2026-04-19 14:28:27,867 [INFO] Updated food_item: carrot (aa17ae2c-74a2-443b-838a-2b61a4ceff2d)
2026-04-19 14:28:28,115 [INFO] Generated 1 notification(s).
2026-04-19 14:28:28,240 [INFO] Checkup complete.
2026-04-19 14:28:28,240 [INFO] Next run in 6 hours.
2026-04-19 14:34:47,934 [INFO] ==================================================
2026-04-19 14:34:47,934 [INFO] FreshGuard checkup started
2026-04-19 14:34:47,934 [INFO] ==================================================
2026-04-19 14:34:48,889 [INFO] PostgreSQL connection established.
2026-04-19 14:34:48,890 [INFO] Capturing image from camera...
2026-04-19 14:34:48,911 [WARNING] Camera capture failed: libcamera-still exited with code 1. Using placeholder image.
2026-04-19 14:34:48,933 [INFO] Image saved: /home/pi/freshguard/images\placeholder_20260419_143448.jpg
2026-04-19 14:34:48,933 [INFO] Running YOLOv5 analysis (simulated)...
2026-04-19 14:34:48,933 [INFO] [SIMULATED] Analyzing image: /home/pi/freshguard/images\placeholder_20260419_143448.jpg
2026-04-19 14:34:48,935 [INFO]   -> apple: fresh (score=86.7, days_left=26)
2026-04-19 14:34:48,935 [INFO]   -> carrot: at_risk (score=50.0, days_left=7)
2026-04-19 14:34:48,935 [INFO] Detections: [{'name': 'apple', 'category': 'fruit', 'freshness_status': 'fresh', 'freshness_score': 86.7, 'confidence': 0.81, 'estimated_days_to_spoil': 26, 'storage_tips': ['Refrigerate to extend freshness', 'Keep away from ethylene-sensitive produce', 'Wash just before eating']}, {'name': 'carrot', 'category': 'vegetable', 'freshness_status': 'at_risk', 'freshness_score': 50.0, 'confidence': 0.74, 'estimated_days_to_spoil': 7, 'storage_tips': ['Store in a sealed bag in the fridge', 'Remove green tops before storing', 'Keep away from apples and pears']}]
2026-04-19 14:34:48,935 [INFO] Reading sensor data (simulated)...
2026-04-19 14:34:48,935 [INFO] [SIMULATED] Temp=25.1蚓, Humidity=58.3%, Gas=449
2026-04-19 14:34:48,936 [INFO] Sensor data: {'temperature': 25.1, 'humidity': 58.3, 'gas_value': 449}
2026-04-19 14:34:48,936 [INFO] Pushing data to Supabase...
2026-04-19 14:34:49,285 [INFO] Updated food_item: apple (056f1c67-4992-42d1-94e9-c78889b2a493)
2026-04-19 14:34:49,285 [INFO]   [OK] apple (fresh) -> food_item: 056f1c67-4992-42d1-94e9-c78889b2a493
2026-04-19 14:34:49,524 [INFO] Updated food_item: carrot (aa17ae2c-74a2-443b-838a-2b61a4ceff2d)
2026-04-19 14:34:49,525 [INFO]   [OK] carrot (at_risk) -> food_item: aa17ae2c-74a2-443b-838a-2b61a4ceff2d
2026-04-19 14:34:49,773 [INFO] Generated 1 notification(s).
2026-04-19 14:34:49,904 [INFO] Checkup complete.
2026-04-19 14:34:49,904 [INFO] Next run in 6 hours.
2026-04-19 14:36:33,506 [INFO] ==================================================
2026-04-19 14:36:33,512 [INFO] FreshGuard checkup started
2026-04-19 14:36:33,512 [INFO] ==================================================
2026-04-19 14:36:34,840 [INFO] PostgreSQL connection established.
2026-04-19 14:36:34,840 [INFO] Capturing image from camera...
2026-04-19 14:36:34,860 [WARNING] Camera capture failed: libcamera-still exited with code 1. Using placeholder image.
2026-04-19 14:36:34,880 [INFO] Image saved: /home/pi/freshguard/images\placeholder_20260419_143634.jpg
2026-04-19 14:36:34,880 [INFO] Running YOLOv5 analysis (simulated)...
2026-04-19 14:36:34,881 [INFO] [SIMULATED] Analyzing image: /home/pi/freshguard/images\placeholder_20260419_143634.jpg
2026-04-19 14:36:34,882 [INFO]   -> apple: fresh (score=86.7, days_left=26)
2026-04-19 14:36:34,882 [INFO]   -> carrot: at_risk (score=50.0, days_left=7)
2026-04-19 14:36:34,882 [INFO] Detections: [{'name': 'apple', 'category': 'fruit', 'freshness_status': 'fresh', 'freshness_score': 86.7, 'confidence': 0.81, 'estimated_days_to_spoil': 26, 'storage_tips': ['Refrigerate to extend freshness', 'Keep away from ethylene-sensitive produce', 'Wash just before eating']}, {'name': 'carrot', 'category': 'vegetable', 'freshness_status': 'at_risk', 'freshness_score': 50.0, 'confidence': 0.74, 'estimated_days_to_spoil': 7, 'storage_tips': ['Store in a sealed bag in the fridge', 'Remove green tops before storing', 'Keep away from apples and pears']}]
2026-04-19 14:36:34,882 [INFO] Reading sensor data (simulated)...
2026-04-19 14:36:34,883 [INFO] [SIMULATED] Temp=24.2蚓, Humidity=68.4%, Gas=296
2026-04-19 14:36:34,883 [INFO] Sensor data: {'temperature': 24.2, 'humidity': 68.4, 'gas_value': 296}
2026-04-19 14:36:34,883 [INFO] Pushing data to Supabase...
2026-04-19 14:36:35,246 [INFO] Updated food_item: apple (056f1c67-4992-42d1-94e9-c78889b2a493)
2026-04-19 14:36:35,246 [INFO]   [OK] apple (fresh) -> food_item: 056f1c67-4992-42d1-94e9-c78889b2a493
2026-04-19 14:36:35,543 [INFO] Updated food_item: carrot (aa17ae2c-74a2-443b-838a-2b61a4ceff2d)
2026-04-19 14:36:35,544 [INFO]   [OK] carrot (at_risk) -> food_item: aa17ae2c-74a2-443b-838a-2b61a4ceff2d
2026-04-19 14:36:35,965 [INFO] Generated 1 notification(s).
2026-04-19 14:36:36,272 [INFO]   [NOTIF] [warning] [WARNING] Carrot expiring soon
2026-04-19 14:36:36,275 [INFO] Checkup complete.
2026-04-19 14:36:36,275 [INFO] Next run in 6 hours.
2026-04-19 14:46:04,769 [INFO] ==================================================
2026-04-19 14:46:04,769 [INFO] FreshGuard checkup started
2026-04-19 14:46:04,769 [INFO] ==================================================
2026-04-19 14:46:06,020 [INFO] PostgreSQL connection established.
2026-04-19 14:46:06,021 [INFO] Capturing image from camera...
2026-04-19 14:46:06,044 [WARNING] Camera capture failed: libcamera-still exited with code 1. Using placeholder image.
2026-04-19 14:46:06,065 [INFO] Image saved: /home/pi/freshguard/images\placeholder_20260419_144606.jpg
2026-04-19 14:46:06,066 [INFO] Running YOLOv5 analysis (simulated)...
2026-04-19 14:46:06,067 [INFO] [SIMULATED] Analyzing image: /home/pi/freshguard/images\placeholder_20260419_144606.jpg
2026-04-19 14:46:06,068 [INFO] Loaded 3 item(s) from fridge_items.json: ['apple', 'carrot', 'cucumber']
2026-04-19 14:46:06,069 [INFO]   -> apple: fresh (score=76.7, days_left=23)
2026-04-19 14:46:06,070 [INFO]   -> carrot: fresh (score=100, days_left=14)
2026-04-19 14:46:06,070 [INFO]   -> cucumber: fresh (score=80.0, days_left=8)
2026-04-19 14:46:06,070 [INFO] Detections: [{'name': 'apple', 'category': 'fruit', 'freshness_status': 'fresh', 'freshness_score': 76.7, 'confidence': 0.76, 'estimated_days_to_spoil': 23, 'storage_tips': ['Refrigerate to extend freshness', 'Keep away from ethylene-sensitive produce', 'Wash just before eating']}, {'name': 'carrot', 'category': 'vegetable', 'freshness_status': 'fresh', 'freshness_score': 100, 'confidence': 0.9, 'estimated_days_to_spoil': 14, 'storage_tips': ['Store in a sealed bag in the fridge', 'Remove green tops before storing', 'Keep away from apples and pears']}, {'name': 'cucumber', 'category': 'vegetable', 'freshness_status': 'fresh', 'freshness_score': 80.0, 'confidence': 0.95, 'estimated_days_to_spoil': 8, 'storage_tips': ['Refrigerate in the crisper drawer', 'Wrap in a paper towel to absorb moisture', 'Use within 5-7 days']}]
2026-04-19 14:46:06,071 [INFO] Reading sensor data (simulated)...
2026-04-19 14:46:06,071 [INFO] [SIMULATED] Temp=22.7蚓, Humidity=58.4%, Gas=432
2026-04-19 14:46:06,071 [INFO] Sensor data: {'temperature': 22.7, 'humidity': 58.4, 'gas_value': 432}
2026-04-19 14:46:06,074 [INFO] Pushing data to Supabase...
2026-04-19 14:46:06,541 [INFO] Updated food_item: apple (056f1c67-4992-42d1-94e9-c78889b2a493)
2026-04-19 14:46:06,542 [INFO]   [OK] apple (fresh) -> food_item: 056f1c67-4992-42d1-94e9-c78889b2a493
2026-04-19 14:46:06,907 [INFO] Updated food_item: carrot (aa17ae2c-74a2-443b-838a-2b61a4ceff2d)
2026-04-19 14:46:06,908 [INFO]   [OK] carrot (fresh) -> food_item: aa17ae2c-74a2-443b-838a-2b61a4ceff2d
2026-04-19 14:46:07,259 [INFO] Inserted food_item: cucumber (208fef79-7c82-42c2-ba14-dd82c6dc6424)
2026-04-19 14:46:07,261 [INFO]   [OK] cucumber (fresh) -> food_item: 208fef79-7c82-42c2-ba14-dd82c6dc6424
2026-04-19 14:46:07,873 [INFO] Generated 0 notification(s).
2026-04-19 14:46:07,874 [INFO] Checkup complete.
2026-04-19 14:46:07,874 [INFO] Next run in 6 hours.
2026-04-19 14:46:41,853 [INFO] ==================================================
2026-04-19 14:46:41,854 [INFO] FreshGuard checkup started
2026-04-19 14:46:41,854 [INFO] ==================================================
2026-04-19 14:46:42,613 [INFO] PostgreSQL connection established.
2026-04-19 14:46:42,614 [INFO] Capturing image from camera...
2026-04-19 14:46:42,644 [WARNING] Camera capture failed: libcamera-still exited with code 1. Using placeholder image.
2026-04-19 14:46:42,664 [INFO] Image saved: /home/pi/freshguard/images\placeholder_20260419_144642.jpg
2026-04-19 14:46:42,664 [INFO] Running YOLOv5 analysis (simulated)...
2026-04-19 14:46:42,665 [INFO] [SIMULATED] Analyzing image: /home/pi/freshguard/images\placeholder_20260419_144642.jpg
2026-04-19 14:46:42,665 [INFO] Loaded 3 item(s) from fridge_items.json: ['apple', 'carrot', 'cucumber']
2026-04-19 14:46:42,666 [INFO]   -> apple: at_risk (score=63.3, days_left=19)
2026-04-19 14:46:42,666 [INFO]   -> carrot: at_risk (score=50.0, days_left=7)
2026-04-19 14:46:42,667 [INFO]   -> cucumber: fresh (score=90.0, days_left=9)
2026-04-19 14:46:42,667 [INFO] Detections: [{'name': 'apple', 'category': 'fruit', 'freshness_status': 'at_risk', 'freshness_score': 63.3, 'confidence': 0.79, 'estimated_days_to_spoil': 19, 'storage_tips': ['Refrigerate to extend freshness', 'Keep away from ethylene-sensitive produce', 'Wash just before eating']}, {'name': 'carrot', 'category': 'vegetable', 'freshness_status': 'at_risk', 'freshness_score': 50.0, 'confidence': 0.74, 'estimated_days_to_spoil': 7, 'storage_tips': ['Store in a sealed bag in the fridge', 'Remove green tops before storing', 'Keep away from apples and pears']}, {'name': 'cucumber', 'category': 'vegetable', 'freshness_status': 'fresh', 'freshness_score': 90.0, 'confidence': 0.76, 'estimated_days_to_spoil': 9, 'storage_tips': ['Refrigerate in the crisper drawer', 'Wrap in a paper towel to absorb moisture', 'Use within 5-7 days']}]
2026-04-19 14:46:42,667 [INFO] Reading sensor data (simulated)...
2026-04-19 14:46:42,667 [INFO] [SIMULATED] Temp=23.4蚓, Humidity=53.5%, Gas=367
2026-04-19 14:46:42,667 [INFO] Sensor data: {'temperature': 23.4, 'humidity': 53.5, 'gas_value': 367}
2026-04-19 14:46:42,667 [INFO] Pushing data to Supabase...
2026-04-19 14:46:42,911 [INFO] Updated food_item: apple (056f1c67-4992-42d1-94e9-c78889b2a493)
2026-04-19 14:46:42,911 [INFO]   [OK] apple (at_risk) -> food_item: 056f1c67-4992-42d1-94e9-c78889b2a493
2026-04-19 14:46:43,152 [INFO] Updated food_item: carrot (aa17ae2c-74a2-443b-838a-2b61a4ceff2d)
2026-04-19 14:46:43,152 [INFO]   [OK] carrot (at_risk) -> food_item: aa17ae2c-74a2-443b-838a-2b61a4ceff2d
2026-04-19 14:46:43,403 [INFO] Updated food_item: cucumber (208fef79-7c82-42c2-ba14-dd82c6dc6424)
2026-04-19 14:46:43,404 [INFO]   [OK] cucumber (fresh) -> food_item: 208fef79-7c82-42c2-ba14-dd82c6dc6424
2026-04-19 14:46:44,022 [INFO] Generated 2 notification(s).
2026-04-19 14:46:44,225 [INFO]   [NOTIF] [warning] [WARNING] Apple expiring soon
2026-04-19 14:46:44,348 [INFO]   [NOTIF] [warning] [WARNING] Carrot expiring soon
2026-04-19 14:46:44,349 [INFO] Checkup complete.
2026-04-19 14:46:44,349 [INFO] Next run in 6 hours.
2026-04-19 14:46:58,909 [INFO] ==================================================
2026-04-19 14:46:58,912 [INFO] FreshGuard checkup started
2026-04-19 14:46:58,913 [INFO] ==================================================
2026-04-19 14:47:00,098 [INFO] PostgreSQL connection established.
2026-04-19 14:47:00,098 [INFO] Capturing image from camera...
2026-04-19 14:47:00,118 [WARNING] Camera capture failed: libcamera-still exited with code 1. Using placeholder image.
2026-04-19 14:47:00,138 [INFO] Image saved: /home/pi/freshguard/images\placeholder_20260419_144700.jpg
2026-04-19 14:47:00,138 [INFO] Running YOLOv5 analysis (simulated)...
2026-04-19 14:47:00,138 [INFO] [SIMULATED] Analyzing image: /home/pi/freshguard/images\placeholder_20260419_144700.jpg
2026-04-19 14:47:00,139 [INFO] Loaded 3 item(s) from fridge_items.json: ['apple', 'carrot', 'cucumber']
2026-04-19 14:47:00,140 [INFO]   -> apple: at_risk (score=43.3, days_left=13)
2026-04-19 14:47:00,140 [INFO]   -> carrot: spoiled (score=28.6, days_left=4)
2026-04-19 14:47:00,141 [INFO]   -> cucumber: at_risk (score=60.0, days_left=6)
2026-04-19 14:47:00,141 [INFO] Detections: [{'name': 'apple', 'category': 'fruit', 'freshness_status': 'at_risk', 'freshness_score': 43.3, 'confidence': 0.87, 'estimated_days_to_spoil': 13, 'storage_tips': ['Refrigerate to extend freshness', 'Keep away from ethylene-sensitive produce', 'Wash just before eating']}, {'name': 'carrot', 'category': 'vegetable', 'freshness_status': 'spoiled', 'freshness_score': 28.6, 'confidence': 0.86, 'estimated_days_to_spoil': 4, 'storage_tips': ['Store in a sealed bag in the fridge', 'Remove green tops before storing', 'Keep away from apples and pears']}, {'name': 'cucumber', 'category': 'vegetable', 'freshness_status': 'at_risk', 'freshness_score': 60.0, 'confidence': 0.74, 'estimated_days_to_spoil': 6, 'storage_tips': ['Refrigerate in the crisper drawer', 'Wrap in a paper towel to absorb moisture', 'Use within 5-7 days']}]
2026-04-19 14:47:00,141 [INFO] Reading sensor data (simulated)...
2026-04-19 14:47:00,141 [INFO] [SIMULATED] Temp=25.5蚓, Humidity=61.2%, Gas=382
2026-04-19 14:47:00,141 [INFO] Sensor data: {'temperature': 25.5, 'humidity': 61.2, 'gas_value': 382}
2026-04-19 14:47:00,141 [INFO] Pushing data to Supabase...
2026-04-19 14:47:00,508 [INFO] Updated food_item: apple (056f1c67-4992-42d1-94e9-c78889b2a493)
2026-04-19 14:47:00,509 [INFO]   [OK] apple (at_risk) -> food_item: 056f1c67-4992-42d1-94e9-c78889b2a493
2026-04-19 14:47:01,018 [INFO] Updated food_item: carrot (aa17ae2c-74a2-443b-838a-2b61a4ceff2d)
2026-04-19 14:47:01,019 [INFO]   [OK] carrot (spoiled) -> food_item: aa17ae2c-74a2-443b-838a-2b61a4ceff2d
2026-04-19 14:47:01,428 [INFO] Updated food_item: cucumber (208fef79-7c82-42c2-ba14-dd82c6dc6424)
2026-04-19 14:47:01,428 [INFO]   [OK] cucumber (at_risk) -> food_item: 208fef79-7c82-42c2-ba14-dd82c6dc6424
2026-04-19 14:47:02,146 [INFO] Generated 3 notification(s).
2026-04-19 14:47:02,349 [INFO]   [NOTIF] [warning] [WARNING] Apple expiring soon
2026-04-19 14:47:02,556 [INFO]   [NOTIF] [critical] [SPOILED] Carrot has spoiled!
2026-04-19 14:47:02,721 [INFO]   [NOTIF] [warning] [WARNING] Cucumber expiring soon
2026-04-19 14:47:02,723 [INFO] Checkup complete.
2026-04-19 14:47:02,724 [INFO] Next run in 6 hours.
2026-04-20 00:15:49,064 [INFO] ==================================================
2026-04-20 00:15:49,065 [INFO] FreshGuard checkup started
2026-04-20 00:15:49,065 [INFO] ==================================================
2026-04-20 00:15:50,381 [INFO] PostgreSQL connection established.
2026-04-20 00:17:24,942 [INFO] ==================================================
2026-04-20 00:17:24,942 [INFO] FreshGuard checkup started
2026-04-20 00:17:24,942 [INFO] ==================================================
2026-04-20 00:17:26,107 [INFO] PostgreSQL connection established.
2026-04-20 00:17:26,109 [INFO] Capturing scene image...
2026-04-20 00:17:26,566 [INFO] Simulated fridge scene image saved: C:\Users\LENOVO LOQ\Desktop\freshguard\images\scene_20260420_001726.jpg
2026-04-20 00:17:26,567 [INFO] Scene image: C:\Users\LENOVO LOQ\Desktop\freshguard\images\scene_20260420_001726.jpg
2026-04-20 00:17:26,567 [INFO] Running YOLOv5 analysis (simulated)...
2026-04-20 00:17:26,567 [INFO] [SIMULATED] Analyzing image: C:\Users\LENOVO LOQ\Desktop\freshguard\images\scene_20260420_001726.jpg
2026-04-20 00:17:26,568 [WARNING] fridge_items.json not found at C:\Users\LENOVO LOQ\Desktop\freshguard\fridge_items.json. Using empty list.
2026-04-20 00:17:26,568 [WARNING] No items in fridge_items.json - nothing to detect.
2026-04-20 00:17:26,569 [INFO] Detected 0 item(s): []
2026-04-20 00:17:26,570 [INFO] Reading sensor data (simulated)...
2026-04-20 00:17:26,575 [INFO] [SIMULATED] Temp=22.2簞C, Humidity=53.6%, Gas=263
2026-04-20 00:17:26,576 [INFO] Sensor -> Temp=22.2C, Humidity=53.6%, Gas=263
2026-04-20 00:17:26,579 [INFO] Processing each detected food item...
2026-04-20 00:17:26,581 [INFO] Generated 0 notification(s).
2026-04-20 00:17:26,584 [INFO] DB connection closed.
2026-04-20 00:17:26,586 [INFO] Checkup complete. Next run in 6 hours.
2026-04-20 00:18:18,627 [INFO] ==================================================
2026-04-20 00:18:18,627 [INFO] FreshGuard checkup started
2026-04-20 00:18:18,627 [INFO] ==================================================
2026-04-20 00:18:19,989 [INFO] PostgreSQL connection established.
2026-04-20 00:18:19,990 [INFO] Capturing scene image...
2026-04-20 00:18:20,018 [INFO] Simulated fridge scene image saved: C:\Users\LENOVO LOQ\Desktop\freshguard\images\scene_20260420_001819.jpg
2026-04-20 00:18:20,019 [INFO] Scene image: C:\Users\LENOVO LOQ\Desktop\freshguard\images\scene_20260420_001819.jpg
2026-04-20 00:18:20,019 [INFO] Running YOLOv5 analysis (simulated)...
2026-04-20 00:18:20,019 [INFO] [SIMULATED] Analyzing image: C:\Users\LENOVO LOQ\Desktop\freshguard\images\scene_20260420_001819.jpg
2026-04-20 00:18:20,019 [WARNING] fridge_items.json not found at C:\Users\LENOVO LOQ\Desktop\freshguard\fridge_items.json. Using empty list.
2026-04-20 00:18:20,019 [WARNING] No items in fridge_items.json - nothing to detect.
2026-04-20 00:18:20,019 [INFO] Detected 0 item(s): []
2026-04-20 00:18:20,019 [INFO] Reading sensor data (simulated)...
2026-04-20 00:18:20,020 [INFO] [SIMULATED] Temp=22.5簞C, Humidity=59.2%, Gas=518
2026-04-20 00:18:20,020 [INFO] Sensor -> Temp=22.5C, Humidity=59.2%, Gas=518
2026-04-20 00:18:20,020 [INFO] Processing each detected food item...
2026-04-20 00:18:20,020 [INFO] Generated 0 notification(s).
2026-04-20 00:18:20,020 [INFO] DB connection closed.
2026-04-20 00:18:20,020 [INFO] Checkup complete. Next run in 6 hours.
2026-04-20 00:19:06,821 [INFO] ==================================================
2026-04-20 00:19:06,821 [INFO] FreshGuard checkup started
2026-04-20 00:19:06,821 [INFO] ==================================================
2026-04-20 00:19:07,913 [INFO] PostgreSQL connection established.
2026-04-20 00:19:07,914 [INFO] Capturing scene image...
2026-04-20 00:19:07,961 [INFO] Simulated fridge scene image saved: C:\Users\LENOVO LOQ\Desktop\freshguard\images\scene_20260420_001907.jpg
2026-04-20 00:19:07,961 [INFO] Scene image: C:\Users\LENOVO LOQ\Desktop\freshguard\images\scene_20260420_001907.jpg
2026-04-20 00:19:07,962 [INFO] Running YOLOv5 analysis (simulated)...
2026-04-20 00:19:07,962 [INFO] [SIMULATED] Analyzing image: C:\Users\LENOVO LOQ\Desktop\freshguard\images\scene_20260420_001907.jpg
2026-04-20 00:19:07,962 [WARNING] fridge_items.json not found at C:\Users\LENOVO LOQ\Desktop\freshguard\fridge_items.json. Using empty list.
2026-04-20 00:19:07,962 [WARNING] No items in fridge_items.json - nothing to detect.
2026-04-20 00:19:07,962 [INFO] Detected 0 item(s): []
2026-04-20 00:19:07,962 [INFO] Reading sensor data (simulated)...
2026-04-20 00:19:07,963 [INFO] [SIMULATED] Temp=22.3簞C, Humidity=57.0%, Gas=262
2026-04-20 00:19:07,963 [INFO] Sensor -> Temp=22.3C, Humidity=57.0%, Gas=262
2026-04-20 00:19:07,963 [INFO] Processing each detected food item...
2026-04-20 00:19:07,963 [INFO] Generated 0 notification(s).
2026-04-20 00:19:07,964 [INFO] DB connection closed.
2026-04-20 00:19:07,964 [INFO] Checkup complete. Next run in 6 hours.
2026-04-20 00:19:10,018 [INFO] ==================================================
2026-04-20 00:19:10,018 [INFO] FreshGuard checkup started
2026-04-20 00:19:10,019 [INFO] ==================================================
2026-04-20 00:19:11,086 [INFO] PostgreSQL connection established.
2026-04-20 00:19:11,087 [INFO] Capturing scene image...
2026-04-20 00:19:11,116 [INFO] Simulated fridge scene image saved: C:\Users\LENOVO LOQ\Desktop\freshguard\images\scene_20260420_001911.jpg
2026-04-20 00:19:11,118 [INFO] Scene image: C:\Users\LENOVO LOQ\Desktop\freshguard\images\scene_20260420_001911.jpg
2026-04-20 00:19:11,118 [INFO] Running YOLOv5 analysis (simulated)...
2026-04-20 00:19:11,118 [INFO] [SIMULATED] Analyzing image: C:\Users\LENOVO LOQ\Desktop\freshguard\images\scene_20260420_001911.jpg
2026-04-20 00:19:11,118 [WARNING] fridge_items.json not found at C:\Users\LENOVO LOQ\Desktop\freshguard\fridge_items.json. Using empty list.
2026-04-20 00:19:11,119 [WARNING] No items in fridge_items.json - nothing to detect.
2026-04-20 00:19:11,119 [INFO] Detected 0 item(s): []
2026-04-20 00:19:11,120 [INFO] Reading sensor data (simulated)...
2026-04-20 00:19:11,122 [INFO] [SIMULATED] Temp=21.6簞C, Humidity=66.1%, Gas=367
2026-04-20 00:19:11,123 [INFO] Sensor -> Temp=21.6C, Humidity=66.1%, Gas=367
2026-04-20 00:19:11,123 [INFO] Processing each detected food item...
2026-04-20 00:19:11,123 [INFO] Generated 0 notification(s).
2026-04-20 00:19:11,124 [INFO] DB connection closed.
2026-04-20 00:19:11,124 [INFO] Checkup complete. Next run in 6 hours.
2026-04-20 00:19:36,097 [INFO] ==================================================
2026-04-20 00:19:36,097 [INFO] FreshGuard checkup started
2026-04-20 00:19:36,097 [INFO] ==================================================
2026-04-20 00:19:37,303 [INFO] PostgreSQL connection established.
2026-04-20 00:19:37,303 [INFO] Capturing scene image...
2026-04-20 00:19:37,333 [INFO] Simulated fridge scene image saved: C:\Users\LENOVO LOQ\Desktop\freshguard\images\scene_20260420_001937.jpg
2026-04-20 00:19:37,333 [INFO] Scene image: C:\Users\LENOVO LOQ\Desktop\freshguard\images\scene_20260420_001937.jpg
2026-04-20 00:19:37,333 [INFO] Running YOLOv5 analysis (simulated)...
2026-04-20 00:19:37,333 [INFO] [SIMULATED] Analyzing image: C:\Users\LENOVO LOQ\Desktop\freshguard\images\scene_20260420_001937.jpg
2026-04-20 00:19:37,333 [WARNING] fridge_items.json not found at C:\Users\LENOVO LOQ\Desktop\freshguard\fridge_items.json. Using empty list.
2026-04-20 00:19:37,333 [WARNING] No items in fridge_items.json - nothing to detect.
2026-04-20 00:19:37,333 [INFO] Detected 0 item(s): []
2026-04-20 00:19:37,334 [INFO] Reading sensor data (simulated)...
2026-04-20 00:19:37,334 [INFO] [SIMULATED] Temp=23.1簞C, Humidity=59.2%, Gas=221
2026-04-20 00:19:37,334 [INFO] Sensor -> Temp=23.1C, Humidity=59.2%, Gas=221
2026-04-20 00:19:37,334 [INFO] Processing each detected food item...
2026-04-20 00:19:37,334 [INFO] Generated 0 notification(s).
2026-04-20 00:19:37,334 [INFO] DB connection closed.
2026-04-20 00:19:37,334 [INFO] Checkup complete. Next run in 6 hours.
2026-04-20 00:20:34,629 [INFO] ==================================================
2026-04-20 00:20:34,630 [INFO] FreshGuard checkup started
2026-04-20 00:20:34,630 [INFO] ==================================================
2026-04-20 00:20:36,184 [INFO] PostgreSQL connection established.
2026-04-20 00:20:36,185 [INFO] Capturing scene image...
2026-04-20 00:20:36,215 [INFO] Simulated fridge scene image saved: C:\Users\LENOVO LOQ\Desktop\freshguard\images\scene_20260420_002036.jpg
2026-04-20 00:20:36,216 [INFO] Scene image: C:\Users\LENOVO LOQ\Desktop\freshguard\images\scene_20260420_002036.jpg
2026-04-20 00:20:36,216 [INFO] Running YOLOv5 analysis (simulated)...
2026-04-20 00:20:36,216 [INFO] [SIMULATED] Analyzing image: C:\Users\LENOVO LOQ\Desktop\freshguard\images\scene_20260420_002036.jpg
2026-04-20 00:20:36,219 [INFO] Loaded 3 item(s) from fridge_items.json: ['apple', 'carrot', 'cucumber']
2026-04-20 00:20:36,232 [INFO]   -> apple: at_risk (score=50.0, days_left=15)
2026-04-20 00:20:36,232 [INFO]   -> carrot: at_risk (score=42.9, days_left=6)
2026-04-20 00:20:36,233 [INFO]   -> cucumber: at_risk (score=40.0, days_left=4)
2026-04-20 00:20:36,233 [INFO] Detected 3 item(s): ['apple', 'carrot', 'cucumber']
2026-04-20 00:20:36,233 [INFO] Reading sensor data (simulated)...
2026-04-20 00:20:36,233 [INFO] [SIMULATED] Temp=21.3簞C, Humidity=57.5%, Gas=486
2026-04-20 00:20:36,233 [INFO] Sensor -> Temp=21.3C, Humidity=57.5%, Gas=486
2026-04-20 00:20:36,234 [INFO] Processing each detected food item...
2026-04-20 00:20:36,237 [INFO] Food image generated: C:\Users\LENOVO LOQ\Desktop\freshguard\images\apple_20260420_002036.jpg
2026-04-20 00:20:36,935 [INFO] Image uploaded: https://hrfadmlmvfkzrfswyaza.supabase.co/storage/v1/object/public/food-images/16f36e52-2717-4f8d-82eb-ce5e9ab1bb80/apple_1776624636.jpg
2026-04-20 00:20:36,936 [INFO]   [UPLOAD] apple -> https://hrfadmlmvfkzrfswyaza.supabase.co/storage/v1/object/public/food-images/16f36e52-2717-4f8d-82eb-ce5e9ab1bb80/apple_1776624636.jpg
2026-04-20 00:20:37,169 [INFO] Inserted food_item: apple (77afcff1-24a7-4910-83da-720edb84d429)
2026-04-20 00:20:37,170 [INFO]   [DB] apple (at_risk) -> food_item: 77afcff1-24a7-4910-83da-720edb84d429
2026-04-20 00:20:37,177 [INFO] Food image generated: C:\Users\LENOVO LOQ\Desktop\freshguard\images\carrot_20260420_002037.jpg
2026-04-20 00:20:37,685 [INFO] Image uploaded: https://hrfadmlmvfkzrfswyaza.supabase.co/storage/v1/object/public/food-images/16f36e52-2717-4f8d-82eb-ce5e9ab1bb80/carrot_1776624637.jpg
2026-04-20 00:20:37,687 [INFO]   [UPLOAD] carrot -> https://hrfadmlmvfkzrfswyaza.supabase.co/storage/v1/object/public/food-images/16f36e52-2717-4f8d-82eb-ce5e9ab1bb80/carrot_1776624637.jpg
2026-04-20 00:20:37,917 [INFO] Inserted food_item: carrot (4ccc3ee0-4f82-4b32-82d1-eeb4c4d9228a)
2026-04-20 00:20:37,918 [INFO]   [DB] carrot (at_risk) -> food_item: 4ccc3ee0-4f82-4b32-82d1-eeb4c4d9228a
2026-04-20 00:20:37,924 [INFO] Food image generated: C:\Users\LENOVO LOQ\Desktop\freshguard\images\cucumber_20260420_002037.jpg
2026-04-20 00:20:38,469 [INFO] Image uploaded: https://hrfadmlmvfkzrfswyaza.supabase.co/storage/v1/object/public/food-images/16f36e52-2717-4f8d-82eb-ce5e9ab1bb80/cucumber_1776624637.jpg
2026-04-20 00:20:38,472 [INFO]   [UPLOAD] cucumber -> https://hrfadmlmvfkzrfswyaza.supabase.co/storage/v1/object/public/food-images/16f36e52-2717-4f8d-82eb-ce5e9ab1bb80/cucumber_1776624637.jpg
2026-04-20 00:20:38,700 [INFO] Inserted food_item: cucumber (4e875854-0b5b-4ffc-ab8e-af042f30f4a7)
2026-04-20 00:20:38,701 [INFO]   [DB] cucumber (at_risk) -> food_item: 4e875854-0b5b-4ffc-ab8e-af042f30f4a7
2026-04-20 00:20:39,044 [INFO] Generated 3 notification(s).
2026-04-20 00:20:39,159 [INFO]   [NOTIF] [warning] [WARNING] Apple expiring soon
2026-04-20 00:20:39,274 [INFO]   [NOTIF] [warning] [WARNING] Carrot expiring soon
2026-04-20 00:20:39,387 [INFO]   [NOTIF] [warning] [WARNING] Cucumber expiring soon
2026-04-20 00:20:39,389 [INFO] DB connection closed.
2026-04-20 00:20:39,389 [INFO] Checkup complete. Next run in 6 hours.
2026-04-20 00:21:19,519 [INFO] ==================================================
2026-04-20 00:21:19,519 [INFO] FreshGuard checkup started
2026-04-20 00:21:19,520 [INFO] ==================================================
2026-04-20 00:21:20,429 [INFO] PostgreSQL connection established.
2026-04-20 00:21:20,429 [INFO] Capturing scene image...
2026-04-20 00:21:20,459 [INFO] Simulated fridge scene image saved: C:\Users\LENOVO LOQ\Desktop\freshguard\images\scene_20260420_002120.jpg
2026-04-20 00:21:20,460 [INFO] Scene image: C:\Users\LENOVO LOQ\Desktop\freshguard\images\scene_20260420_002120.jpg
2026-04-20 00:21:20,460 [INFO] Running YOLOv5 analysis (simulated)...
2026-04-20 00:21:20,461 [INFO] [SIMULATED] Analyzing image: C:\Users\LENOVO LOQ\Desktop\freshguard\images\scene_20260420_002120.jpg
2026-04-20 00:21:20,461 [INFO] Loaded 3 item(s) from fridge_items.json: ['apple', 'carrot', 'cucumber']
2026-04-20 00:21:20,469 [INFO]   -> apple: fresh (score=96.7, days_left=29)
2026-04-20 00:21:20,469 [INFO]   -> carrot: fresh (score=71.4, days_left=10)
2026-04-20 00:21:20,471 [INFO]   -> cucumber: at_risk (score=50.0, days_left=5)
2026-04-20 00:21:20,471 [INFO] Detected 3 item(s): ['apple', 'carrot', 'cucumber']
2026-04-20 00:21:20,471 [INFO] Reading sensor data (simulated)...
2026-04-20 00:21:20,471 [INFO] [SIMULATED] Temp=20.3簞C, Humidity=65.6%, Gas=477
2026-04-20 00:21:20,472 [INFO] Sensor -> Temp=20.3C, Humidity=65.6%, Gas=477
2026-04-20 00:21:20,472 [INFO] Processing each detected food item...
2026-04-20 00:21:20,475 [INFO] Food image generated: C:\Users\LENOVO LOQ\Desktop\freshguard\images\apple_20260420_002120.jpg
2026-04-20 00:21:21,045 [INFO] Image uploaded: https://hrfadmlmvfkzrfswyaza.supabase.co/storage/v1/object/public/food-images/16f36e52-2717-4f8d-82eb-ce5e9ab1bb80/apple_1776624680.jpg
2026-04-20 00:21:21,048 [INFO]   [UPLOAD] apple -> https://hrfadmlmvfkzrfswyaza.supabase.co/storage/v1/object/public/food-images/16f36e52-2717-4f8d-82eb-ce5e9ab1bb80/apple_1776624680.jpg
2026-04-20 00:21:21,447 [INFO] Updated food_item: apple (77afcff1-24a7-4910-83da-720edb84d429)
2026-04-20 00:21:21,447 [INFO]   [DB] apple (fresh) -> food_item: 77afcff1-24a7-4910-83da-720edb84d429
2026-04-20 00:21:21,452 [INFO] Food image generated: C:\Users\LENOVO LOQ\Desktop\freshguard\images\carrot_20260420_002121.jpg
2026-04-20 00:21:21,990 [INFO] Image uploaded: https://hrfadmlmvfkzrfswyaza.supabase.co/storage/v1/object/public/food-images/16f36e52-2717-4f8d-82eb-ce5e9ab1bb80/carrot_1776624681.jpg
2026-04-20 00:21:21,991 [INFO]   [UPLOAD] carrot -> https://hrfadmlmvfkzrfswyaza.supabase.co/storage/v1/object/public/food-images/16f36e52-2717-4f8d-82eb-ce5e9ab1bb80/carrot_1776624681.jpg
2026-04-20 00:21:22,217 [INFO] Updated food_item: carrot (4ccc3ee0-4f82-4b32-82d1-eeb4c4d9228a)
2026-04-20 00:21:22,217 [INFO]   [DB] carrot (fresh) -> food_item: 4ccc3ee0-4f82-4b32-82d1-eeb4c4d9228a
2026-04-20 00:21:22,221 [INFO] Food image generated: C:\Users\LENOVO LOQ\Desktop\freshguard\images\cucumber_20260420_002122.jpg
2026-04-20 00:21:22,753 [INFO] Image uploaded: https://hrfadmlmvfkzrfswyaza.supabase.co/storage/v1/object/public/food-images/16f36e52-2717-4f8d-82eb-ce5e9ab1bb80/cucumber_1776624682.jpg
2026-04-20 00:21:22,757 [INFO]   [UPLOAD] cucumber -> https://hrfadmlmvfkzrfswyaza.supabase.co/storage/v1/object/public/food-images/16f36e52-2717-4f8d-82eb-ce5e9ab1bb80/cucumber_1776624682.jpg
2026-04-20 00:21:22,990 [INFO] Updated food_item: cucumber (4e875854-0b5b-4ffc-ab8e-af042f30f4a7)
2026-04-20 00:21:22,992 [INFO]   [DB] cucumber (at_risk) -> food_item: 4e875854-0b5b-4ffc-ab8e-af042f30f4a7
2026-04-20 00:21:23,342 [INFO] Generated 1 notification(s).
2026-04-20 00:21:23,455 [INFO]   [NOTIF] [warning] [WARNING] Cucumber expiring soon
2026-04-20 00:21:23,457 [INFO] DB connection closed.
2026-04-20 00:21:23,458 [INFO] Checkup complete. Next run in 6 hours.
